<?xml version="1.0" encoding="UTF-8"?>
<!-- Generated by org.testng.reporters.JUnitReportReporter -->
<testsuite hostname="DESKTOP-HO6N53K" failures="0" tests="1" name="Jira.AddingaComment" time="4.705" errors="0" timestamp="2022-11-14T16:47:29 IST" skipped="0">
  <testcase classname="Jira.AddingaComment" name="AddComment" time="4.705"/>
  <system-out/>
</testsuite> <!-- Jira.AddingaComment -->
