<?xml version="1.0" encoding="UTF-8"?>
<!-- Generated by org.testng.reporters.JUnitReportReporter -->
<testsuite hostname="DESKTOP-HO6N53K" failures="0" tests="2" name="AddBooktoLibrary" time="7.014" errors="0" timestamp="2022-11-23T18:59:45 IST" skipped="0">
  <testcase classname="AddBooktoLibrary" name="addBook" time="0.207"/>
  <system-out/>
  <testcase classname="AddBooktoLibrary" name="addBook" time="6.807"/>
  <system-out/>
</testsuite> <!-- AddBooktoLibrary -->
