<?xml version="1.0" encoding="UTF-8"?>
<!-- Generated by org.testng.reporters.JUnitReportReporter -->
<testsuite hostname="DESKTOP-HO6N53K" failures="0" tests="1" name="Jira.AttachingtheFile" time="3.184" errors="0" timestamp="2022-11-14T17:18:20 IST" skipped="0">
  <testcase classname="Jira.AttachingtheFile" name="addAttachment" time="3.184"/>
  <system-out/>
</testsuite> <!-- Jira.AttachingtheFile -->
