<?xml version="1.0" encoding="UTF-8"?>
<!-- Generated by org.testng.reporters.JUnitReportReporter -->
<testsuite hostname="DESKTOP-HO6N53K" failures="0" tests="1" name="GetBookFromLibByID" time="2.650" errors="0" timestamp="2022-11-09T14:50:19 IST" skipped="0">
  <testcase classname="GetBookFromLibByID" name="getBookById" time="2.650"/>
  <system-out/>
</testsuite> <!-- GetBookFromLibByID -->
