<?xml version="1.0" encoding="UTF-8"?>
<!-- Generated by org.testng.reporters.JUnitReportReporter -->
<testsuite hostname="DESKTOP-HO6N53K" failures="0" tests="1" name="Jira.AddCommentWithSession" time="3.102" errors="0" timestamp="2022-11-14T16:56:45 IST" skipped="0">
  <testcase classname="Jira.AddCommentWithSession" name="AddComment" time="3.102"/>
  <system-out/>
</testsuite> <!-- Jira.AddCommentWithSession -->
