<?xml version="1.0" encoding="UTF-8"?>
<!-- Generated by org.testng.reporters.JUnitReportReporter -->
<testsuite hostname="DESKTOP-HO6N53K" failures="0" tests="1" name="Jira.CreateIssueInJira" time="5.502" errors="0" timestamp="2022-11-14T15:18:20 IST" skipped="0">
  <testcase classname="Jira.CreateIssueInJira" name="CreateIssue" time="5.502"/>
  <system-out/>
</testsuite> <!-- Jira.CreateIssueInJira -->
