<?xml version="1.0" encoding="UTF-8"?>
<!-- Generated by org.testng.reporters.JUnitReportReporter -->
<testsuite hostname="DESKTOP-HO6N53K" failures="0" tests="1" name="Jira.GetIssueDetails" time="2.982" errors="0" timestamp="2022-11-14T18:17:47 IST" skipped="0">
  <testcase classname="Jira.GetIssueDetails" name="addAttachment" time="2.982"/>
  <system-out/>
</testsuite> <!-- Jira.GetIssueDetails -->
