<?xml version="1.0" encoding="UTF-8"?>
<!-- Generated by org.testng.reporters.JUnitReportReporter -->
<testsuite hostname="DESKTOP-HO6N53K" failures="0" tests="1" name="Jira.AddcommentandVerify" time="28.837" errors="0" timestamp="2022-11-15T12:39:43 IST" skipped="0">
  <testcase classname="Jira.AddcommentandVerify" name="AddCommentandVerify" time="28.837"/>
  <system-out/>
</testsuite> <!-- Jira.AddcommentandVerify -->
