<?xml version="1.0" encoding="UTF-8"?>
<!-- Generated by org.testng.reporters.JUnitReportReporter -->
<testsuite hostname="DESKTOP-HO6N53K" failures="0" tests="1" name="Jira.GetSession" time="3.940" errors="0" timestamp="2022-11-14T14:38:11 IST" skipped="0">
  <testcase classname="Jira.GetSession" name="GetSesssion" time="3.940"/>
  <system-out/>
</testsuite> <!-- Jira.GetSession -->
