<?xml version="1.0" encoding="UTF-8"?>
<!-- Generated by org.testng.reporters.JUnitReportReporter -->
<testsuite hostname="DESKTOP-HO6N53K" failures="0" tests="1" name="AddBooktoLibrarythroughFile" time="4.116" errors="0" timestamp="2022-11-14T10:35:02 IST" skipped="0">
  <testcase classname="AddBooktoLibrarythroughFile" name="addBook" time="4.116"/>
  <system-out/>
</testsuite> <!-- AddBooktoLibrarythroughFile -->
